mode: count
github.com/choonsiong/golib/v2/finance/finance.go:6.62,8.2 1 6
github.com/choonsiong/golib/v2/finance/finance.go:13.71,16.2 2 3
github.com/choonsiong/golib/v2/compare/compare.go:5.71,6.24 1 4
github.com/choonsiong/golib/v2/compare/compare.go:10.2,10.23 1 3
github.com/choonsiong/golib/v2/compare/compare.go:16.2,16.13 1 2
github.com/choonsiong/golib/v2/compare/compare.go:6.24,8.3 1 1
github.com/choonsiong/golib/v2/compare/compare.go:10.23,11.17 1 5
github.com/choonsiong/golib/v2/compare/compare.go:11.17,13.4 1 1
github.com/choonsiong/golib/v2/compare/compare.go:20.66,21.24 1 3
github.com/choonsiong/golib/v2/compare/compare.go:25.2,25.23 1 2
github.com/choonsiong/golib/v2/compare/compare.go:31.2,31.13 1 1
github.com/choonsiong/golib/v2/compare/compare.go:21.24,23.3 1 1
github.com/choonsiong/golib/v2/compare/compare.go:25.23,26.17 1 3
github.com/choonsiong/golib/v2/compare/compare.go:26.17,28.4 1 1
github.com/choonsiong/golib/v2/cli/cli.go:14.46,15.19 1 4
github.com/choonsiong/golib/v2/cli/cli.go:19.2,19.20 1 3
github.com/choonsiong/golib/v2/cli/cli.go:23.2,23.19 1 2
github.com/choonsiong/golib/v2/cli/cli.go:27.2,27.21 1 1
github.com/choonsiong/golib/v2/cli/cli.go:15.19,17.3 1 1
github.com/choonsiong/golib/v2/cli/cli.go:19.20,21.3 1 1
github.com/choonsiong/golib/v2/cli/cli.go:23.19,25.3 1 1
github.com/choonsiong/golib/v2/cli/cli.go:32.34,36.16 3 3
github.com/choonsiong/golib/v2/cli/cli.go:40.2,43.16 3 3
github.com/choonsiong/golib/v2/cli/cli.go:47.2,47.20 1 1
github.com/choonsiong/golib/v2/cli/cli.go:36.16,38.3 1 0
github.com/choonsiong/golib/v2/cli/cli.go:43.16,45.3 1 2
github.com/choonsiong/golib/v2/geometry/geometry.go:20.56,22.2 1 4
github.com/choonsiong/golib/v2/geometry/geometry.go:25.53,27.2 1 4
github.com/choonsiong/golib/v2/geometry/geometry.go:30.67,32.2 1 4
github.com/choonsiong/golib/v2/geometry/geometry.go:35.56,37.2 1 3
github.com/choonsiong/golib/v2/geometry/geometry.go:40.76,42.2 1 9
github.com/choonsiong/golib/v2/geometry/geometry.go:45.77,47.2 1 3
github.com/choonsiong/golib/v2/geometry/geometry.go:50.55,52.2 1 8
github.com/choonsiong/golib/v2/geometry/geometry.go:55.57,57.2 1 6
github.com/choonsiong/golib/v2/geometry/geometry.go:60.77,66.2 4 6
github.com/choonsiong/golib/v2/geometry/geometry.go:69.66,74.2 3 8
github.com/choonsiong/golib/v2/geometry/geometry.go:77.77,83.2 4 18
github.com/choonsiong/golib/v2/geometry/geometry.go:86.52,88.2 1 8
github.com/choonsiong/golib/v2/logger/level.go:19.32,20.11 1 5
github.com/choonsiong/golib/v2/logger/level.go:21.18,22.17 1 1
github.com/choonsiong/golib/v2/logger/level.go:23.17,24.16 1 1
github.com/choonsiong/golib/v2/logger/level.go:25.18,26.17 1 1
github.com/choonsiong/golib/v2/logger/level.go:27.18,28.17 1 1
github.com/choonsiong/golib/v2/logger/level.go:29.10,30.19 1 1
github.com/choonsiong/golib/v2/logger/level.go:35.35,36.32 1 5
github.com/choonsiong/golib/v2/logger/level.go:37.15,38.20 1 1
github.com/choonsiong/golib/v2/logger/level.go:39.14,40.19 1 1
github.com/choonsiong/golib/v2/logger/level.go:41.15,42.20 1 1
github.com/choonsiong/golib/v2/logger/level.go:43.15,44.20 1 1
github.com/choonsiong/golib/v2/logger/level.go:45.10,46.22 1 1
github.com/choonsiong/golib/v2/locales/locales.go:579.51,580.16 1 8
github.com/choonsiong/golib/v2/locales/locales.go:584.2,584.30 1 7
github.com/choonsiong/golib/v2/locales/locales.go:588.2,588.77 1 1
github.com/choonsiong/golib/v2/locales/locales.go:580.16,582.3 1 1
github.com/choonsiong/golib/v2/locales/locales.go:584.30,586.3 1 6
github.com/choonsiong/golib/v2/format/format.go:11.42,13.12 2 5
github.com/choonsiong/golib/v2/format/format.go:16.2,16.30 1 3
github.com/choonsiong/golib/v2/format/format.go:13.12,15.3 1 2
github.com/choonsiong/golib/v2/format/format.go:23.61,24.17 1 4
github.com/choonsiong/golib/v2/format/format.go:27.2,28.25 2 1
github.com/choonsiong/golib/v2/format/format.go:33.2,34.12 2 1
github.com/choonsiong/golib/v2/format/format.go:24.17,26.3 1 3
github.com/choonsiong/golib/v2/format/format.go:28.25,29.23 1 10
github.com/choonsiong/golib/v2/format/format.go:29.23,31.4 1 5
github.com/choonsiong/golib/v2/format/format.go:41.62,42.17 1 4
github.com/choonsiong/golib/v2/format/format.go:45.2,46.30 2 1
github.com/choonsiong/golib/v2/format/format.go:49.2,49.12 1 1
github.com/choonsiong/golib/v2/format/format.go:42.17,44.3 1 3
github.com/choonsiong/golib/v2/format/format.go:46.30,48.3 1 5
github.com/choonsiong/golib/v2/logger/commonlog/commonlog.go:24.59,29.2 1 6
github.com/choonsiong/golib/v2/logger/commonlog/commonlog.go:32.78,34.2 1 1
github.com/choonsiong/golib/v2/logger/commonlog/commonlog.go:37.77,39.2 1 1
github.com/choonsiong/golib/v2/logger/commonlog/commonlog.go:42.73,44.2 1 1
github.com/choonsiong/golib/v2/logger/commonlog/commonlog.go:47.73,50.2 2 0
github.com/choonsiong/golib/v2/logger/commonlog/commonlog.go:53.106,54.24 1 5
github.com/choonsiong/golib/v2/logger/commonlog/commonlog.go:59.2,72.32 2 4
github.com/choonsiong/golib/v2/logger/commonlog/commonlog.go:77.2,83.30 7 4
github.com/choonsiong/golib/v2/logger/commonlog/commonlog.go:91.2,91.21 1 4
github.com/choonsiong/golib/v2/logger/commonlog/commonlog.go:95.2,103.34 4 4
github.com/choonsiong/golib/v2/logger/commonlog/commonlog.go:54.24,56.3 1 1
github.com/choonsiong/golib/v2/logger/commonlog/commonlog.go:72.32,74.3 1 2
github.com/choonsiong/golib/v2/logger/commonlog/commonlog.go:83.30,84.36 1 2
github.com/choonsiong/golib/v2/logger/commonlog/commonlog.go:84.36,89.4 4 2
github.com/choonsiong/golib/v2/logger/commonlog/commonlog.go:91.21,94.3 2 2
github.com/choonsiong/golib/v2/logger/commonlog/commonlog.go:108.62,110.2 1 1
github.com/choonsiong/golib/v2/sms/sms.go:23.32,27.2 1 1
github.com/choonsiong/golib/v2/sms/sms.go:30.31,35.16 3 2
github.com/choonsiong/golib/v2/sms/sms.go:39.2,43.33 2 2
github.com/choonsiong/golib/v2/sms/sms.go:65.2,65.12 1 0
github.com/choonsiong/golib/v2/sms/sms.go:35.16,37.3 1 1
github.com/choonsiong/golib/v2/sms/sms.go:43.33,60.17 9 2
github.com/choonsiong/golib/v2/sms/sms.go:60.17,62.4 1 2
github.com/choonsiong/golib/v2/logger/jsonlog/jsonlog.go:25.57,30.2 1 6
github.com/choonsiong/golib/v2/logger/jsonlog/jsonlog.go:33.76,35.2 1 1
github.com/choonsiong/golib/v2/logger/jsonlog/jsonlog.go:38.75,40.2 1 1
github.com/choonsiong/golib/v2/logger/jsonlog/jsonlog.go:43.71,45.2 1 1
github.com/choonsiong/golib/v2/logger/jsonlog/jsonlog.go:48.71,51.2 2 0
github.com/choonsiong/golib/v2/logger/jsonlog/jsonlog.go:54.104,55.24 1 5
github.com/choonsiong/golib/v2/logger/jsonlog/jsonlog.go:60.2,73.32 2 4
github.com/choonsiong/golib/v2/logger/jsonlog/jsonlog.go:81.2,84.16 3 4
github.com/choonsiong/golib/v2/logger/jsonlog/jsonlog.go:90.2,94.40 3 4
github.com/choonsiong/golib/v2/logger/jsonlog/jsonlog.go:55.24,57.3 1 1
github.com/choonsiong/golib/v2/logger/jsonlog/jsonlog.go:73.32,78.3 1 2
github.com/choonsiong/golib/v2/logger/jsonlog/jsonlog.go:84.16,86.3 1 0
github.com/choonsiong/golib/v2/logger/jsonlog/jsonlog.go:99.60,101.2 1 1
github.com/choonsiong/golib/v2/ssl/ssl.go:26.32,27.47 1 1
github.com/choonsiong/golib/v2/ssl/ssl.go:34.2,34.46 1 1
github.com/choonsiong/golib/v2/ssl/ssl.go:41.2,41.52 1 1
github.com/choonsiong/golib/v2/ssl/ssl.go:46.2,58.16 10 1
github.com/choonsiong/golib/v2/ssl/ssl.go:62.2,67.16 5 1
github.com/choonsiong/golib/v2/ssl/ssl.go:72.2,73.16 2 1
github.com/choonsiong/golib/v2/ssl/ssl.go:77.2,78.16 2 1
github.com/choonsiong/golib/v2/ssl/ssl.go:82.2,82.12 1 1
github.com/choonsiong/golib/v2/ssl/ssl.go:27.47,29.17 2 0
github.com/choonsiong/golib/v2/ssl/ssl.go:29.17,31.4 1 0
github.com/choonsiong/golib/v2/ssl/ssl.go:34.46,36.17 2 0
github.com/choonsiong/golib/v2/ssl/ssl.go:36.17,38.4 1 0
github.com/choonsiong/golib/v2/ssl/ssl.go:41.52,43.3 1 0
github.com/choonsiong/golib/v2/ssl/ssl.go:58.16,60.3 1 0
github.com/choonsiong/golib/v2/ssl/ssl.go:67.16,69.3 1 0
github.com/choonsiong/golib/v2/ssl/ssl.go:73.16,75.3 1 0
github.com/choonsiong/golib/v2/ssl/ssl.go:78.16,80.3 1 0
github.com/choonsiong/golib/v2/statistics/statistics.go:4.51,5.23 1 9
github.com/choonsiong/golib/v2/statistics/statistics.go:9.2,11.30 2 7
github.com/choonsiong/golib/v2/statistics/statistics.go:15.2,15.43 1 7
github.com/choonsiong/golib/v2/statistics/statistics.go:5.23,7.3 1 2
github.com/choonsiong/golib/v2/statistics/statistics.go:11.30,13.3 1 26
github.com/choonsiong/golib/v2/statistics/statistics.go:19.64,24.30 3 4
github.com/choonsiong/golib/v2/statistics/statistics.go:29.2,29.15 1 4
github.com/choonsiong/golib/v2/statistics/statistics.go:24.30,27.3 2 11
github.com/choonsiong/golib/v2/form/errors.go:6.44,8.2 1 9
github.com/choonsiong/golib/v2/form/errors.go:11.42,14.17 2 2
github.com/choonsiong/golib/v2/form/errors.go:18.2,18.13 1 1
github.com/choonsiong/golib/v2/form/errors.go:14.17,16.3 1 1
github.com/choonsiong/golib/v2/form/form.go:16.33,21.2 1 10
github.com/choonsiong/golib/v2/form/form.go:24.29,26.2 1 12
github.com/choonsiong/golib/v2/form/form.go:29.39,31.13 2 2
github.com/choonsiong/golib/v2/form/form.go:34.2,34.13 1 1
github.com/choonsiong/golib/v2/form/form.go:31.13,33.3 1 1
github.com/choonsiong/golib/v2/form/form.go:38.57,40.21 2 3
github.com/choonsiong/golib/v2/form/form.go:44.2,44.13 1 1
github.com/choonsiong/golib/v2/form/form.go:40.21,43.3 2 2
github.com/choonsiong/golib/v2/form/form.go:48.57,50.21 2 3
github.com/choonsiong/golib/v2/form/form.go:54.2,54.13 1 2
github.com/choonsiong/golib/v2/form/form.go:50.21,53.3 2 1
github.com/choonsiong/golib/v2/form/form.go:58.43,59.31 1 2
github.com/choonsiong/golib/v2/form/form.go:59.31,61.33 2 6
github.com/choonsiong/golib/v2/form/form.go:61.33,63.4 1 3
github.com/choonsiong/golib/v2/form/form.go:68.38,69.40 1 3
github.com/choonsiong/golib/v2/form/form.go:69.40,71.3 1 2
github.com/choonsiong/golib/v2/stringx/stringx.go:15.42,16.13 1 11
github.com/choonsiong/golib/v2/stringx/stringx.go:20.2,20.38 1 10
github.com/choonsiong/golib/v2/stringx/stringx.go:24.2,27.24 3 8
github.com/choonsiong/golib/v2/stringx/stringx.go:40.2,40.34 1 7
github.com/choonsiong/golib/v2/stringx/stringx.go:16.13,18.3 1 1
github.com/choonsiong/golib/v2/stringx/stringx.go:20.38,22.3 1 2
github.com/choonsiong/golib/v2/stringx/stringx.go:27.24,31.32 2 11
github.com/choonsiong/golib/v2/stringx/stringx.go:35.3,37.16 3 10
github.com/choonsiong/golib/v2/stringx/stringx.go:31.32,33.4 1 1
github.com/choonsiong/golib/v2/stringx/stringx.go:44.49,46.2 1 4
github.com/choonsiong/golib/v2/stringx/stringx.go:52.47,53.16 1 12
github.com/choonsiong/golib/v2/stringx/stringx.go:57.2,58.19 2 9
github.com/choonsiong/golib/v2/stringx/stringx.go:68.2,68.23 1 9
github.com/choonsiong/golib/v2/stringx/stringx.go:53.16,55.3 1 3
github.com/choonsiong/golib/v2/stringx/stringx.go:58.19,60.17 2 90
github.com/choonsiong/golib/v2/stringx/stringx.go:64.3,65.16 2 90
github.com/choonsiong/golib/v2/stringx/stringx.go:60.17,62.4 1 0
github.com/choonsiong/golib/v2/stringx/stringx.go:72.49,75.2 2 4
github.com/choonsiong/golib/v2/stringx/stringx.go:79.40,80.13 1 5
github.com/choonsiong/golib/v2/stringx/stringx.go:85.2,89.20 3 4
github.com/choonsiong/golib/v2/stringx/stringx.go:93.2,93.18 1 3
github.com/choonsiong/golib/v2/stringx/stringx.go:80.13,82.3 1 1
github.com/choonsiong/golib/v2/stringx/stringx.go:89.20,91.3 1 1
github.com/choonsiong/golib/v2/stringx/stringx.go:99.66,106.2 4 18
github.com/choonsiong/golib/v2/stringx/stringx.go:111.66,114.2 2 9
github.com/choonsiong/golib/v2/stringx/stringx.go:118.45,119.58 1 15
github.com/choonsiong/golib/v2/stringx/stringx.go:122.2,122.16 1 7
github.com/choonsiong/golib/v2/stringx/stringx.go:142.2,143.22 2 4
github.com/choonsiong/golib/v2/stringx/stringx.go:153.2,153.23 1 4
github.com/choonsiong/golib/v2/stringx/stringx.go:119.58,121.3 1 8
github.com/choonsiong/golib/v2/stringx/stringx.go:122.16,124.23 2 7
github.com/choonsiong/golib/v2/stringx/stringx.go:124.23,125.26 1 30
github.com/choonsiong/golib/v2/stringx/stringx.go:125.26,127.15 2 9
github.com/choonsiong/golib/v2/stringx/stringx.go:127.15,129.14 2 4
github.com/choonsiong/golib/v2/stringx/stringx.go:130.11,131.20 1 5
github.com/choonsiong/golib/v2/stringx/stringx.go:131.20,135.7 1 3
github.com/choonsiong/golib/v2/stringx/stringx.go:135.12,137.7 1 2
github.com/choonsiong/golib/v2/stringx/stringx.go:143.22,144.13 1 24
github.com/choonsiong/golib/v2/stringx/stringx.go:148.3,148.25 1 20
github.com/choonsiong/golib/v2/stringx/stringx.go:151.3,151.46 1 20
github.com/choonsiong/golib/v2/stringx/stringx.go:144.13,146.12 2 4
github.com/choonsiong/golib/v2/stringx/stringx.go:148.25,150.4 1 2
github.com/choonsiong/golib/v2/json/json.go:27.81,30.21 2 13
github.com/choonsiong/golib/v2/json/json.go:34.2,38.27 3 13
github.com/choonsiong/golib/v2/json/json.go:42.2,48.16 3 13
github.com/choonsiong/golib/v2/json/json.go:80.2,85.19 3 3
github.com/choonsiong/golib/v2/json/json.go:89.2,89.12 1 2
github.com/choonsiong/golib/v2/json/json.go:30.21,32.3 1 1
github.com/choonsiong/golib/v2/json/json.go:38.27,40.3 1 12
github.com/choonsiong/golib/v2/json/json.go:48.16,50.3 1 10
github.com/choonsiong/golib/v2/json/json.go:85.19,87.3 1 1
github.com/choonsiong/golib/v2/json/json.go:94.101,96.16 2 6
github.com/choonsiong/golib/v2/json/json.go:100.2,100.22 1 6
github.com/choonsiong/golib/v2/json/json.go:106.2,110.16 4 6
github.com/choonsiong/golib/v2/json/json.go:114.2,114.12 1 6
github.com/choonsiong/golib/v2/json/json.go:96.16,98.3 1 0
github.com/choonsiong/golib/v2/json/json.go:100.22,101.32 1 5
github.com/choonsiong/golib/v2/json/json.go:101.32,103.4 1 1
github.com/choonsiong/golib/v2/json/json.go:110.16,112.3 1 0
github.com/choonsiong/golib/v2/json/json.go:119.81,122.21 2 1
github.com/choonsiong/golib/v2/json/json.go:126.2,130.44 4 1
github.com/choonsiong/golib/v2/json/json.go:122.21,124.3 1 1
github.com/choonsiong/golib/v2/json/json.go:136.108,138.16 2 1
github.com/choonsiong/golib/v2/json/json.go:141.2,143.21 2 1
github.com/choonsiong/golib/v2/json/json.go:149.2,150.16 2 1
github.com/choonsiong/golib/v2/json/json.go:154.2,157.16 3 1
github.com/choonsiong/golib/v2/json/json.go:161.2,163.35 2 1
github.com/choonsiong/golib/v2/json/json.go:138.16,140.3 1 0
github.com/choonsiong/golib/v2/json/json.go:143.21,147.3 1 1
github.com/choonsiong/golib/v2/json/json.go:150.16,152.3 1 0
github.com/choonsiong/golib/v2/json/json.go:157.16,159.3 1 0
github.com/choonsiong/golib/v2/time/time.go:14.59,15.23 1 6
github.com/choonsiong/golib/v2/time/time.go:19.2,19.25 1 5
github.com/choonsiong/golib/v2/time/time.go:23.2,25.19 2 4
github.com/choonsiong/golib/v2/time/time.go:31.2,31.21 1 1
github.com/choonsiong/golib/v2/time/time.go:15.23,17.3 1 1
github.com/choonsiong/golib/v2/time/time.go:19.25,21.3 1 1
github.com/choonsiong/golib/v2/time/time.go:25.19,27.3 1 1
github.com/choonsiong/golib/v2/time/time.go:27.8,27.25 1 3
github.com/choonsiong/golib/v2/time/time.go:27.25,29.3 1 2
github.com/choonsiong/golib/v2/time/time.go:35.29,37.2 1 1
github.com/choonsiong/golib/v2/time/time.go:40.58,44.15 3 6
github.com/choonsiong/golib/v2/time/time.go:57.2,57.37 1 4
github.com/choonsiong/golib/v2/time/time.go:44.15,50.3 1 1
github.com/choonsiong/golib/v2/time/time.go:50.8,52.17 2 5
github.com/choonsiong/golib/v2/time/time.go:52.17,54.4 1 1
github.com/choonsiong/golib/v2/time/time.go:61.75,63.16 2 3
github.com/choonsiong/golib/v2/time/time.go:66.2,66.39 1 2
github.com/choonsiong/golib/v2/time/time.go:63.16,65.3 1 1
github.com/choonsiong/golib/v2/time/timezone/timezone.go:556.40,557.14 1 3
github.com/choonsiong/golib/v2/time/timezone/timezone.go:561.2,561.33 1 2
github.com/choonsiong/golib/v2/time/timezone/timezone.go:565.2,567.10 2 1
github.com/choonsiong/golib/v2/time/timezone/timezone.go:557.14,559.3 1 1
github.com/choonsiong/golib/v2/time/timezone/timezone.go:561.33,563.3 1 1
github.com/choonsiong/golib/v2/trigonometry/trigonometry.go:22.40,24.2 1 17
github.com/choonsiong/golib/v2/trigonometry/trigonometry.go:27.40,29.2 1 11
github.com/choonsiong/golib/v2/trigonometry/trigonometry.go:32.35,36.32 3 9
github.com/choonsiong/golib/v2/trigonometry/trigonometry.go:40.2,43.32 4 3
github.com/choonsiong/golib/v2/trigonometry/trigonometry.go:47.2,49.77 2 2
github.com/choonsiong/golib/v2/trigonometry/trigonometry.go:36.32,38.3 1 6
github.com/choonsiong/golib/v2/trigonometry/trigonometry.go:43.32,45.3 1 1
github.com/choonsiong/golib/v2/trigonometry/trigonometry.go:53.35,56.2 2 4
github.com/choonsiong/golib/v2/trigonometry/trigonometry.go:59.39,64.2 4 41
github.com/choonsiong/golib/v2/trigonometry/trigonometry.go:67.39,70.2 2 10
github.com/choonsiong/golib/v2/trigonometry/trigonometry.go:73.37,76.37 2 5
github.com/choonsiong/golib/v2/trigonometry/trigonometry.go:80.2,80.14 1 4
github.com/choonsiong/golib/v2/trigonometry/trigonometry.go:76.37,78.3 1 1
github.com/choonsiong/golib/v2/trigonometry/trigonometry.go:84.38,87.49 2 6
github.com/choonsiong/golib/v2/trigonometry/trigonometry.go:91.2,91.14 1 4
github.com/choonsiong/golib/v2/trigonometry/trigonometry.go:87.49,89.3 1 2
github.com/choonsiong/golib/v2/trigonometry/trigonometry.go:95.37,98.25 2 4
github.com/choonsiong/golib/v2/trigonometry/trigonometry.go:102.2,102.14 1 3
github.com/choonsiong/golib/v2/trigonometry/trigonometry.go:98.25,100.3 1 1
github.com/choonsiong/golib/v2/trigonometry/trigonometry.go:106.40,109.18 2 6
github.com/choonsiong/golib/v2/trigonometry/trigonometry.go:113.2,113.28 1 5
github.com/choonsiong/golib/v2/trigonometry/trigonometry.go:117.2,117.43 1 4
github.com/choonsiong/golib/v2/trigonometry/trigonometry.go:121.2,121.14 1 3
github.com/choonsiong/golib/v2/trigonometry/trigonometry.go:109.18,111.3 1 1
github.com/choonsiong/golib/v2/trigonometry/trigonometry.go:113.28,115.3 1 1
github.com/choonsiong/golib/v2/trigonometry/trigonometry.go:117.43,119.3 1 1
github.com/choonsiong/golib/v2/file/directory.go:10.46,13.49 2 3
github.com/choonsiong/golib/v2/file/directory.go:20.2,20.12 1 2
github.com/choonsiong/golib/v2/file/directory.go:13.49,15.17 2 2
github.com/choonsiong/golib/v2/file/directory.go:15.17,17.4 1 1
github.com/choonsiong/golib/v2/file/file.go:16.50,19.16 2 2
github.com/choonsiong/golib/v2/file/file.go:23.2,25.43 2 1
github.com/choonsiong/golib/v2/file/file.go:19.16,21.3 1 1
github.com/choonsiong/golib/v2/file/file.go:30.56,35.32 4 3
github.com/choonsiong/golib/v2/file/file.go:50.2,50.12 1 3
github.com/choonsiong/golib/v2/file/file.go:54.2,54.19 1 1
github.com/choonsiong/golib/v2/file/file.go:35.32,39.17 3 87
github.com/choonsiong/golib/v2/file/file.go:39.17,42.24 2 26
github.com/choonsiong/golib/v2/file/file.go:42.24,43.23 1 3
github.com/choonsiong/golib/v2/file/file.go:43.23,45.6 1 3
github.com/choonsiong/golib/v2/file/file.go:50.12,52.3 1 2
github.com/choonsiong/golib/v2/file/file.go:58.69,62.16 3 4
github.com/choonsiong/golib/v2/file/file.go:66.2,67.21 2 3
github.com/choonsiong/golib/v2/file/file.go:77.2,79.16 2 3
github.com/choonsiong/golib/v2/file/file.go:83.2,83.26 1 3
github.com/choonsiong/golib/v2/file/file.go:87.2,87.19 1 3
github.com/choonsiong/golib/v2/file/file.go:62.16,64.3 1 1
github.com/choonsiong/golib/v2/file/file.go:67.21,70.17 2 20
github.com/choonsiong/golib/v2/file/file.go:74.3,74.30 1 20
github.com/choonsiong/golib/v2/file/file.go:70.17,72.4 1 10
github.com/choonsiong/golib/v2/file/file.go:79.16,81.3 1 0
github.com/choonsiong/golib/v2/file/file.go:83.26,85.3 1 0
github.com/choonsiong/golib/v2/file/helpers.go:6.58,7.23 1 7
github.com/choonsiong/golib/v2/file/helpers.go:11.2,14.16 3 6
github.com/choonsiong/golib/v2/file/helpers.go:18.2,19.16 2 4
github.com/choonsiong/golib/v2/file/helpers.go:23.2,24.16 2 3
github.com/choonsiong/golib/v2/file/helpers.go:28.2,28.26 1 2
github.com/choonsiong/golib/v2/file/helpers.go:7.23,9.3 1 1
github.com/choonsiong/golib/v2/file/helpers.go:14.16,16.3 1 2
github.com/choonsiong/golib/v2/file/helpers.go:19.16,21.3 1 1
github.com/choonsiong/golib/v2/file/helpers.go:24.16,26.3 1 1
github.com/choonsiong/golib/v2/file/helpers.go:32.54,33.22 1 23
github.com/choonsiong/golib/v2/file/helpers.go:37.2,37.22 1 16
github.com/choonsiong/golib/v2/file/helpers.go:41.2,41.22 1 15
github.com/choonsiong/golib/v2/file/helpers.go:45.2,45.22 1 14
github.com/choonsiong/golib/v2/file/helpers.go:49.2,49.22 1 13
github.com/choonsiong/golib/v2/file/helpers.go:53.2,53.22 1 12
github.com/choonsiong/golib/v2/file/helpers.go:57.2,57.22 1 9
github.com/choonsiong/golib/v2/file/helpers.go:61.2,61.22 1 7
github.com/choonsiong/golib/v2/file/helpers.go:65.2,65.61 1 6
github.com/choonsiong/golib/v2/file/helpers.go:33.22,35.3 1 7
github.com/choonsiong/golib/v2/file/helpers.go:37.22,39.3 1 1
github.com/choonsiong/golib/v2/file/helpers.go:41.22,43.3 1 1
github.com/choonsiong/golib/v2/file/helpers.go:45.22,47.3 1 1
github.com/choonsiong/golib/v2/file/helpers.go:49.22,51.3 1 1
github.com/choonsiong/golib/v2/file/helpers.go:53.22,55.3 1 3
github.com/choonsiong/golib/v2/file/helpers.go:57.22,59.3 1 2
github.com/choonsiong/golib/v2/file/helpers.go:61.22,63.3 1 1
github.com/choonsiong/golib/v2/web/web.go:29.94,31.21 2 6
github.com/choonsiong/golib/v2/web/web.go:35.2,37.28 2 6
github.com/choonsiong/golib/v2/web/web.go:41.2,42.16 2 6
github.com/choonsiong/golib/v2/web/web.go:46.2,46.51 1 6
github.com/choonsiong/golib/v2/web/web.go:114.2,114.27 1 4
github.com/choonsiong/golib/v2/web/web.go:31.21,33.3 1 6
github.com/choonsiong/golib/v2/web/web.go:37.28,39.3 1 1
github.com/choonsiong/golib/v2/web/web.go:42.16,44.3 1 0
github.com/choonsiong/golib/v2/web/web.go:46.51,47.34 1 6
github.com/choonsiong/golib/v2/web/web.go:47.34,48.86 1 6
github.com/choonsiong/golib/v2/web/web.go:109.4,109.18 1 6
github.com/choonsiong/golib/v2/web/web.go:48.86,52.19 3 6
github.com/choonsiong/golib/v2/web/web.go:55.5,59.19 4 6
github.com/choonsiong/golib/v2/web/web.go:63.5,66.34 3 6
github.com/choonsiong/golib/v2/web/web.go:76.5,76.17 1 6
github.com/choonsiong/golib/v2/web/web.go:80.5,81.19 2 4
github.com/choonsiong/golib/v2/web/web.go:85.5,85.19 1 4
github.com/choonsiong/golib/v2/web/web.go:91.5,96.100 4 4
github.com/choonsiong/golib/v2/web/web.go:106.5,107.30 2 4
github.com/choonsiong/golib/v2/web/web.go:52.19,54.6 1 0
github.com/choonsiong/golib/v2/web/web.go:59.19,61.6 1 0
github.com/choonsiong/golib/v2/web/web.go:66.34,67.55 1 6
github.com/choonsiong/golib/v2/web/web.go:67.55,68.55 1 10
github.com/choonsiong/golib/v2/web/web.go:68.55,70.8 1 4
github.com/choonsiong/golib/v2/web/web.go:72.11,74.6 1 0
github.com/choonsiong/golib/v2/web/web.go:76.17,78.6 1 2
github.com/choonsiong/golib/v2/web/web.go:81.19,83.6 1 0
github.com/choonsiong/golib/v2/web/web.go:85.19,87.6 1 2
github.com/choonsiong/golib/v2/web/web.go:87.11,89.6 1 2
github.com/choonsiong/golib/v2/web/web.go:96.100,98.6 1 0
github.com/choonsiong/golib/v2/web/web.go:98.11,100.20 2 4
github.com/choonsiong/golib/v2/web/web.go:103.6,103.38 1 4
github.com/choonsiong/golib/v2/web/web.go:100.20,102.7 1 0
github.com/choonsiong/golib/v2/web/web.go:109.18,111.5 1 2
github.com/choonsiong/golib/v2/web/web.go:119.91,121.21 2 3
github.com/choonsiong/golib/v2/web/web.go:125.2,126.16 2 3
github.com/choonsiong/golib/v2/web/web.go:130.2,130.22 1 2
github.com/choonsiong/golib/v2/web/web.go:121.21,123.3 1 3
github.com/choonsiong/golib/v2/web/web.go:126.16,128.3 1 1
github.com/choonsiong/golib/v2/web/web.go:136.105,140.2 3 1
